Using pre-set license
Built from '2020.3/staging' branch; Version is '2020.3.11f1 (99c7afb366b3) revision 10078127'; Using compiler version '192528614'; Build Type 'Release'
OS: 'Windows 10 Home; OS build 19041.1052; Version 2004; 64bit' Language: 'es' Physical Memory: 7116 MB
BatchMode: 1, IsHumanControllingUs: 0, StartBugReporterOnCrash: 0, Is64bit: 1, IsPro: 0

 COMMAND LINE ARGUMENTS:
E:\Unity\2020.3.11f1\Editor\Unity.exe
-adb2
-batchMode
-noUpm
-name
AssetImportWorker0
-projectPath
C:/Users/lipsh/OneDrive/Documents/Cyber_Flappy
-logFile
Logs/AssetImportWorker0.log
-srvPort
58361
Successfully changed project path to: C:/Users/lipsh/OneDrive/Documents/Cyber_Flappy
C:/Users/lipsh/OneDrive/Documents/Cyber_Flappy
Using Asset Import Pipeline V2.
Refreshing native plugins compatible for Editor in 79.39 ms, found 3 plugins.
Preloading 0 native plugins for Editor in 0.00 ms.
Initialize engine version: 2020.3.11f1 (99c7afb366b3)
[Subsystems] Discovering subsystems at path E:/Unity/2020.3.11f1/Editor/Data/Resources/UnitySubsystems
[Subsystems] Discovering subsystems at path C:/Users/lipsh/OneDrive/Documents/Cyber_Flappy/Assets
GfxDevice: creating device client; threaded=0
Direct3D:
    Version:  Direct3D 11.0 [level 11.1]
    Renderer: NVIDIA GeForce GTX 1050 (ID=0x1c8d)
    Vendor:   
    VRAM:     4021 MB
    Driver:   27.21.14.6677
Initialize mono
Mono path[0] = 'E:/Unity/2020.3.11f1/Editor/Data/Managed'
Mono path[1] = 'E:/Unity/2020.3.11f1/Editor/Data/MonoBleedingEdge/lib/mono/unityjit'
Mono config path = 'E:/Unity/2020.3.11f1/Editor/Data/MonoBleedingEdge/etc'
Using monoOptions --debugger-agent=transport=dt_socket,embedding=1,server=y,suspend=n,address=127.0.0.1:56640
Begin MonoManager ReloadAssembly
Registering precompiled unity dll's ...
Register platform support module: E:/Unity/2020.3.11f1/Editor/Data/PlaybackEngines/WebGLSupport/UnityEditor.WebGL.Extensions.dll
Register platform support module: E:/Unity/2020.3.11f1/Editor/Data/PlaybackEngines/WindowsStandaloneSupport/UnityEditor.WindowsStandalone.Extensions.dll
Registered in 0.003693 seconds.
Native extension for WindowsStandalone target not found
Native extension for WebGL target not found
Refreshing native plugins compatible for Editor in 60.44 ms, found 3 plugins.
Preloading 0 native plugins for Editor in 0.00 ms.
Mono: successfully reloaded assembly
- Completed reload, in  2.050 seconds
Platform modules already initialized, skipping
Registering precompiled user dll's ...
Registered in 0.009908 seconds.
Begin MonoManager ReloadAssembly
Native extension for WindowsStandalone target not found
Native extension for WebGL target not found
Refreshing native plugins compatible for Editor in 65.01 ms, found 3 plugins.
Preloading 0 native plugins for Editor in 0.00 ms.
Mono: successfully reloaded assembly
- Completed reload, in  1.797 seconds
Platform modules already initialized, skipping
========================================================================
Worker process is ready to serve import requests
Launched and connected shader compiler UnityShaderCompiler.exe after 0.09 seconds
Refreshing native plugins compatible for Editor in 0.56 ms, found 3 plugins.
Preloading 0 native plugins for Editor in 0.00 ms.
Unloading 2130 Unused Serialized files (Serialized files now loaded: 0)
System memory in use before: 96.2 MB.
System memory in use after: 96.2 MB.

Unloading 33 unused Assets to reduce memory usage. Loaded Objects now: 2565.
Total: 5.079900 ms (FindLiveObjects: 0.322900 ms CreateObjectMapping: 0.093300 ms MarkObjects: 4.370000 ms  DeleteObjects: 0.291200 ms)

========================================================================
Received Import Request.
  path: Assets/Code
  artifactKey: Guid(aec7cc07a3de48c41bf2ad41ca629152) Importer(815301076,1909f56bfc062723c751e8b465ee728b)
Start importing Assets/Code using Guid(aec7cc07a3de48c41bf2ad41ca629152) Importer(815301076,1909f56bfc062723c751e8b465ee728b)  -> (artifact id: 'c85a157c1c8dfb5193187af96d812bfd') in 0.009128 seconds
  Import took 0.015039 seconds .

========================================================================
Received Import Request.
  Time since last request: 25.026823 seconds.
  path: Assets/Code/ContraldorEscena.cs
  artifactKey: Guid(8f4a1179a69722e4687e71d1f6026675) Importer(815301076,1909f56bfc062723c751e8b465ee728b)
Start importing Assets/Code/ContraldorEscena.cs using Guid(8f4a1179a69722e4687e71d1f6026675) Importer(815301076,1909f56bfc062723c751e8b465ee728b)  -> (artifact id: '7eccf7e1f6eb5e3803880a1d49fe2de7') in 0.055816 seconds
  Import took 0.061389 seconds .

========================================================================
Received Prepare
Registering precompiled user dll's ...
Registered in 0.011665 seconds.
Begin MonoManager ReloadAssembly
Native extension for WindowsStandalone target not found
Native extension for WebGL target not found
Refreshing native plugins compatible for Editor in 0.71 ms, found 3 plugins.
Preloading 0 native plugins for Editor in 0.00 ms.
Mono: successfully reloaded assembly
- Completed reload, in  1.768 seconds
Platform modules already initialized, skipping
Refreshing native plugins compatible for Editor in 0.78 ms, found 3 plugins.
Preloading 0 native plugins for Editor in 0.00 ms.
Unloading 2113 Unused Serialized files (Serialized files now loaded: 0)
System memory in use before: 94.8 MB.
System memory in use after: 94.8 MB.

Unloading 21 unused Assets to reduce memory usage. Loaded Objects now: 2570.
Total: 3.520200 ms (FindLiveObjects: 0.276700 ms CreateObjectMapping: 0.064600 ms MarkObjects: 3.010300 ms  DeleteObjects: 0.166200 ms)

========================================================================
Received Import Request.
  Time since last request: 172.066488 seconds.
  path: Assets/Code/LogicaPersonaje1.cs
  artifactKey: Guid(baf894497d3e5194ebe70c731e9d5148) Importer(815301076,1909f56bfc062723c751e8b465ee728b)
Start importing Assets/Code/LogicaPersonaje1.cs using Guid(baf894497d3e5194ebe70c731e9d5148) Importer(815301076,1909f56bfc062723c751e8b465ee728b)  -> (artifact id: '2f1b77410191e9446b8ed01c97039b7c') in 0.013439 seconds
  Import took 0.020805 seconds .

========================================================================
Received Import Request.
  Time since last request: 0.001351 seconds.
  path: Assets/Code/LogicaPersonaje1.cs
  artifactKey: Guid(baf894497d3e5194ebe70c731e9d5148) Importer(815301076,1909f56bfc062723c751e8b465ee728b)
Start importing Assets/Code/LogicaPersonaje1.cs using Guid(baf894497d3e5194ebe70c731e9d5148) Importer(815301076,1909f56bfc062723c751e8b465ee728b)  -> (artifact id: '2f1b77410191e9446b8ed01c97039b7c') in 0.005697 seconds
  Import took 0.012194 seconds .

========================================================================
Received Import Request.
  Time since last request: 67.659997 seconds.
  path: Assets/Code/GeneradorObstaculos.cs
  artifactKey: Guid(49ff805d66492ab4c964cfbaf2e22b67) Importer(815301076,1909f56bfc062723c751e8b465ee728b)
Start importing Assets/Code/GeneradorObstaculos.cs using Guid(49ff805d66492ab4c964cfbaf2e22b67) Importer(815301076,1909f56bfc062723c751e8b465ee728b)  -> (artifact id: 'ab838276f2e86e25905dc9fdf07634af') in 0.008868 seconds
  Import took 0.017344 seconds .

========================================================================
Received Import Request.
  Time since last request: 0.069486 seconds.
  path: Assets/Code/GeneradorObstaculos.cs
  artifactKey: Guid(49ff805d66492ab4c964cfbaf2e22b67) Importer(815301076,1909f56bfc062723c751e8b465ee728b)
Start importing Assets/Code/GeneradorObstaculos.cs using Guid(49ff805d66492ab4c964cfbaf2e22b67) Importer(815301076,1909f56bfc062723c751e8b465ee728b)  -> (artifact id: 'ab838276f2e86e25905dc9fdf07634af') in 0.005394 seconds
  Import took 0.010028 seconds .

========================================================================
Received Prepare
Registering precompiled user dll's ...
Registered in 0.019868 seconds.
Begin MonoManager ReloadAssembly
Native extension for WindowsStandalone target not found
Native extension for WebGL target not found
Refreshing native plugins compatible for Editor in 0.70 ms, found 3 plugins.
Preloading 0 native plugins for Editor in 0.00 ms.
Mono: successfully reloaded assembly
- Completed reload, in  1.642 seconds
Platform modules already initialized, skipping
Refreshing native plugins compatible for Editor in 0.63 ms, found 3 plugins.
Preloading 0 native plugins for Editor in 0.00 ms.
Unloading 2113 Unused Serialized files (Serialized files now loaded: 0)
System memory in use before: 94.8 MB.
System memory in use after: 94.8 MB.

Unloading 21 unused Assets to reduce memory usage. Loaded Objects now: 2574.
Total: 2.969200 ms (FindLiveObjects: 0.274600 ms CreateObjectMapping: 0.060000 ms MarkObjects: 2.471300 ms  DeleteObjects: 0.161500 ms)

========================================================================
Received Import Request.
  Time since last request: 125.363713 seconds.
  path: Assets/Code/GeneradorObstaculos.cs
  artifactKey: Guid(49ff805d66492ab4c964cfbaf2e22b67) Importer(815301076,1909f56bfc062723c751e8b465ee728b)
Start importing Assets/Code/GeneradorObstaculos.cs using Guid(49ff805d66492ab4c964cfbaf2e22b67) Importer(815301076,1909f56bfc062723c751e8b465ee728b)  -> (artifact id: '7e05fe6639037797f54b2d35aa578ce9') in 0.010909 seconds
  Import took 0.017045 seconds .

========================================================================
Received Import Request.
  Time since last request: 0.055028 seconds.
  path: Assets/Code/GeneradorObstaculos.cs
  artifactKey: Guid(49ff805d66492ab4c964cfbaf2e22b67) Importer(815301076,1909f56bfc062723c751e8b465ee728b)
Start importing Assets/Code/GeneradorObstaculos.cs using Guid(49ff805d66492ab4c964cfbaf2e22b67) Importer(815301076,1909f56bfc062723c751e8b465ee728b)  -> (artifact id: '7e05fe6639037797f54b2d35aa578ce9') in 0.004721 seconds
  Import took 0.008898 seconds .

========================================================================
Received Import Request.
  Time since last request: 22.792146 seconds.
  path: Assets/Code/Obstaculo.cs
  artifactKey: Guid(9e5da3072af5ff74b98b94eb893d524a) Importer(815301076,1909f56bfc062723c751e8b465ee728b)
Start importing Assets/Code/Obstaculo.cs using Guid(9e5da3072af5ff74b98b94eb893d524a) Importer(815301076,1909f56bfc062723c751e8b465ee728b)  -> (artifact id: '0177ad174056a816904dd0f0e3f5c4e5') in 0.006258 seconds
  Import took 0.015781 seconds .

========================================================================
Received Prepare
Registering precompiled user dll's ...
Registered in 0.010785 seconds.
Begin MonoManager ReloadAssembly
Native extension for WindowsStandalone target not found
Native extension for WebGL target not found
Refreshing native plugins compatible for Editor in 0.79 ms, found 3 plugins.
Preloading 0 native plugins for Editor in 0.00 ms.
Mono: successfully reloaded assembly
- Completed reload, in  1.662 seconds
Platform modules already initialized, skipping
Refreshing native plugins compatible for Editor in 0.68 ms, found 3 plugins.
Preloading 0 native plugins for Editor in 0.00 ms.
Unloading 2113 Unused Serialized files (Serialized files now loaded: 0)
System memory in use before: 94.9 MB.
System memory in use after: 94.8 MB.

Unloading 21 unused Assets to reduce memory usage. Loaded Objects now: 2578.
Total: 3.444900 ms (FindLiveObjects: 0.316300 ms CreateObjectMapping: 0.074700 ms MarkObjects: 2.882800 ms  DeleteObjects: 0.169000 ms)

========================================================================
Received Prepare
Registering precompiled user dll's ...
Registered in 0.015099 seconds.
Begin MonoManager ReloadAssembly
Native extension for WindowsStandalone target not found
Native extension for WebGL target not found
Refreshing native plugins compatible for Editor in 0.67 ms, found 3 plugins.
Preloading 0 native plugins for Editor in 0.00 ms.
Mono: successfully reloaded assembly
- Completed reload, in  1.615 seconds
Platform modules already initialized, skipping
Refreshing native plugins compatible for Editor in 0.67 ms, found 3 plugins.
Preloading 0 native plugins for Editor in 0.00 ms.
Unloading 2113 Unused Serialized files (Serialized files now loaded: 0)
System memory in use before: 94.9 MB.
System memory in use after: 94.9 MB.

Unloading 21 unused Assets to reduce memory usage. Loaded Objects now: 2582.
Total: 3.285500 ms (FindLiveObjects: 0.301900 ms CreateObjectMapping: 0.078200 ms MarkObjects: 2.727700 ms  DeleteObjects: 0.175400 ms)

AssetImportWorkerClient::OnTransportError - code=2 error=End of file
