Using pre-set license
Built from '2020.3/staging' branch; Version is '2020.3.11f1 (99c7afb366b3) revision 10078127'; Using compiler version '192528614'; Build Type 'Release'
OS: 'Windows 10 Home; OS build 19041.1052; Version 2004; 64bit' Language: 'es' Physical Memory: 7116 MB
BatchMode: 1, IsHumanControllingUs: 0, StartBugReporterOnCrash: 0, Is64bit: 1, IsPro: 0

 COMMAND LINE ARGUMENTS:
E:\Unity\2020.3.11f1\Editor\Unity.exe
-adb2
-batchMode
-noUpm
-name
AssetImportWorker0
-projectPath
C:/Users/lipsh/OneDrive/Documents/Cyber_Flappy
-logFile
Logs/AssetImportWorker0.log
-srvPort
58898
Successfully changed project path to: C:/Users/lipsh/OneDrive/Documents/Cyber_Flappy
C:/Users/lipsh/OneDrive/Documents/Cyber_Flappy
Using Asset Import Pipeline V2.
Refreshing native plugins compatible for Editor in 72.22 ms, found 3 plugins.
Preloading 0 native plugins for Editor in 0.00 ms.
Initialize engine version: 2020.3.11f1 (99c7afb366b3)
[Subsystems] Discovering subsystems at path E:/Unity/2020.3.11f1/Editor/Data/Resources/UnitySubsystems
[Subsystems] Discovering subsystems at path C:/Users/lipsh/OneDrive/Documents/Cyber_Flappy/Assets
GfxDevice: creating device client; threaded=0
Direct3D:
    Version:  Direct3D 11.0 [level 11.1]
    Renderer: NVIDIA GeForce GTX 1050 (ID=0x1c8d)
    Vendor:   
    VRAM:     4021 MB
    Driver:   27.21.14.6677
Initialize mono
Mono path[0] = 'E:/Unity/2020.3.11f1/Editor/Data/Managed'
Mono path[1] = 'E:/Unity/2020.3.11f1/Editor/Data/MonoBleedingEdge/lib/mono/unityjit'
Mono config path = 'E:/Unity/2020.3.11f1/Editor/Data/MonoBleedingEdge/etc'
Using monoOptions --debugger-agent=transport=dt_socket,embedding=1,server=y,suspend=n,address=127.0.0.1:56448
Begin MonoManager ReloadAssembly
Registering precompiled unity dll's ...
Register platform support module: E:/Unity/2020.3.11f1/Editor/Data/PlaybackEngines/WebGLSupport/UnityEditor.WebGL.Extensions.dll
Register platform support module: E:/Unity/2020.3.11f1/Editor/Data/PlaybackEngines/WindowsStandaloneSupport/UnityEditor.WindowsStandalone.Extensions.dll
Registered in 0.002620 seconds.
Native extension for WindowsStandalone target not found
Native extension for WebGL target not found
Refreshing native plugins compatible for Editor in 80.38 ms, found 3 plugins.
Preloading 0 native plugins for Editor in 0.00 ms.
Mono: successfully reloaded assembly
- Completed reload, in  2.199 seconds
Platform modules already initialized, skipping
Registering precompiled user dll's ...
Registered in 0.010245 seconds.
Begin MonoManager ReloadAssembly
Native extension for WindowsStandalone target not found
Native extension for WebGL target not found
Refreshing native plugins compatible for Editor in 59.89 ms, found 3 plugins.
Preloading 0 native plugins for Editor in 0.00 ms.
Mono: successfully reloaded assembly
- Completed reload, in  1.840 seconds
Platform modules already initialized, skipping
========================================================================
Worker process is ready to serve import requests
Launched and connected shader compiler UnityShaderCompiler.exe after 0.12 seconds
Refreshing native plugins compatible for Editor in 0.70 ms, found 3 plugins.
Preloading 0 native plugins for Editor in 0.00 ms.
Unloading 2131 Unused Serialized files (Serialized files now loaded: 0)
System memory in use before: 96.2 MB.
System memory in use after: 96.2 MB.

Unloading 33 unused Assets to reduce memory usage. Loaded Objects now: 2566.
Total: 3.852700 ms (FindLiveObjects: 0.328300 ms CreateObjectMapping: 0.075600 ms MarkObjects: 3.241500 ms  DeleteObjects: 0.205400 ms)

========================================================================
Received Import Request.
  path: Assets/Code/ControladorEscena.cs
  artifactKey: Guid(15edfa9ad3d39e84ba512c46ed63bad7) Importer(815301076,1909f56bfc062723c751e8b465ee728b)
Start importing Assets/Code/ControladorEscena.cs using Guid(15edfa9ad3d39e84ba512c46ed63bad7) Importer(815301076,1909f56bfc062723c751e8b465ee728b)  -> (artifact id: '67c93599053ec60ac6428f0c16b0757b') in 0.046384 seconds
  Import took 0.052441 seconds .

========================================================================
Received Prepare
Registering precompiled user dll's ...
Registered in 0.012284 seconds.
Begin MonoManager ReloadAssembly
Native extension for WindowsStandalone target not found
Native extension for WebGL target not found
Refreshing native plugins compatible for Editor in 0.76 ms, found 3 plugins.
Preloading 0 native plugins for Editor in 0.00 ms.
Mono: successfully reloaded assembly
- Completed reload, in  1.682 seconds
Platform modules already initialized, skipping
Refreshing native plugins compatible for Editor in 0.60 ms, found 3 plugins.
Preloading 0 native plugins for Editor in 0.00 ms.
Unloading 2113 Unused Serialized files (Serialized files now loaded: 0)
System memory in use before: 94.8 MB.
System memory in use after: 94.8 MB.

Unloading 21 unused Assets to reduce memory usage. Loaded Objects now: 2570.
Total: 3.600300 ms (FindLiveObjects: 0.286800 ms CreateObjectMapping: 0.070300 ms MarkObjects: 3.058000 ms  DeleteObjects: 0.183000 ms)

========================================================================
Received Import Request.
  Time since last request: 291.449690 seconds.
  path: Assets/Code/ControladorEscena.cs
  artifactKey: Guid(15edfa9ad3d39e84ba512c46ed63bad7) Importer(815301076,1909f56bfc062723c751e8b465ee728b)
Start importing Assets/Code/ControladorEscena.cs using Guid(15edfa9ad3d39e84ba512c46ed63bad7) Importer(815301076,1909f56bfc062723c751e8b465ee728b)  -> (artifact id: 'c58de9cabafb7a0f1139b42efdcf85dc') in 0.009514 seconds
  Import took 0.015163 seconds .

========================================================================
Received Prepare
Registering precompiled user dll's ...
Registered in 0.011265 seconds.
Begin MonoManager ReloadAssembly
Native extension for WindowsStandalone target not found
Native extension for WebGL target not found
Refreshing native plugins compatible for Editor in 0.80 ms, found 3 plugins.
Preloading 0 native plugins for Editor in 0.00 ms.
Mono: successfully reloaded assembly
- Completed reload, in  1.628 seconds
Platform modules already initialized, skipping
Refreshing native plugins compatible for Editor in 0.83 ms, found 3 plugins.
Preloading 0 native plugins for Editor in 0.00 ms.
Unloading 2113 Unused Serialized files (Serialized files now loaded: 0)
System memory in use before: 94.8 MB.
System memory in use after: 94.8 MB.

Unloading 21 unused Assets to reduce memory usage. Loaded Objects now: 2574.
Total: 3.992000 ms (FindLiveObjects: 0.273100 ms CreateObjectMapping: 0.068700 ms MarkObjects: 3.463200 ms  DeleteObjects: 0.185200 ms)

========================================================================
Received Import Request.
  Time since last request: 366.893993 seconds.
  path: Assets/Code/LogicaPersonaje1.cs
  artifactKey: Guid(baf894497d3e5194ebe70c731e9d5148) Importer(815301076,1909f56bfc062723c751e8b465ee728b)
Start importing Assets/Code/LogicaPersonaje1.cs using Guid(baf894497d3e5194ebe70c731e9d5148) Importer(815301076,1909f56bfc062723c751e8b465ee728b)  -> (artifact id: 'd55059f3253dc4bf382bf21d694cafdc') in 0.011014 seconds
  Import took 0.017485 seconds .

========================================================================
Received Prepare
Registering precompiled user dll's ...
Registered in 0.017468 seconds.
Begin MonoManager ReloadAssembly
Native extension for WindowsStandalone target not found
Native extension for WebGL target not found
Refreshing native plugins compatible for Editor in 0.86 ms, found 3 plugins.
Preloading 0 native plugins for Editor in 0.00 ms.
Mono: successfully reloaded assembly
- Completed reload, in  2.068 seconds
Platform modules already initialized, skipping
Refreshing native plugins compatible for Editor in 0.61 ms, found 3 plugins.
Preloading 0 native plugins for Editor in 0.00 ms.
Unloading 2113 Unused Serialized files (Serialized files now loaded: 0)
System memory in use before: 94.9 MB.
System memory in use after: 94.8 MB.

Unloading 21 unused Assets to reduce memory usage. Loaded Objects now: 2578.
Total: 4.664000 ms (FindLiveObjects: 0.298000 ms CreateObjectMapping: 0.071600 ms MarkObjects: 4.112700 ms  DeleteObjects: 0.179500 ms)

========================================================================
Received Prepare
Registering precompiled user dll's ...
Registered in 0.019260 seconds.
Begin MonoManager ReloadAssembly
Native extension for WindowsStandalone target not found
Native extension for WebGL target not found
Refreshing native plugins compatible for Editor in 0.67 ms, found 3 plugins.
Preloading 0 native plugins for Editor in 0.00 ms.
Mono: successfully reloaded assembly
- Completed reload, in  1.664 seconds
Platform modules already initialized, skipping
Refreshing native plugins compatible for Editor in 0.68 ms, found 3 plugins.
Preloading 0 native plugins for Editor in 0.00 ms.
Unloading 2113 Unused Serialized files (Serialized files now loaded: 0)
System memory in use before: 94.9 MB.
System memory in use after: 94.9 MB.

Unloading 21 unused Assets to reduce memory usage. Loaded Objects now: 2582.
Total: 3.374700 ms (FindLiveObjects: 0.275800 ms CreateObjectMapping: 0.068900 ms MarkObjects: 2.856200 ms  DeleteObjects: 0.171900 ms)

========================================================================
Received Prepare
Registering precompiled user dll's ...
Registered in 0.019926 seconds.
Begin MonoManager ReloadAssembly
Native extension for WindowsStandalone target not found
Native extension for WebGL target not found
Refreshing native plugins compatible for Editor in 0.70 ms, found 3 plugins.
Preloading 0 native plugins for Editor in 0.00 ms.
Mono: successfully reloaded assembly
- Completed reload, in  1.796 seconds
Platform modules already initialized, skipping
Refreshing native plugins compatible for Editor in 0.87 ms, found 3 plugins.
Preloading 0 native plugins for Editor in 0.00 ms.
Unloading 2113 Unused Serialized files (Serialized files now loaded: 0)
System memory in use before: 94.9 MB.
System memory in use after: 94.9 MB.

Unloading 21 unused Assets to reduce memory usage. Loaded Objects now: 2586.
Total: 3.365300 ms (FindLiveObjects: 0.253900 ms CreateObjectMapping: 0.069200 ms MarkObjects: 2.879400 ms  DeleteObjects: 0.161000 ms)

========================================================================
Received Import Request.
  Time since last request: 1680.313893 seconds.
  path: Assets/Prefabs/Obstaculo.prefab
  artifactKey: Guid(71abe66cb11470a45af8a35362214e0b) Importer(815301076,1909f56bfc062723c751e8b465ee728b)
Start importing Assets/Prefabs/Obstaculo.prefab using Guid(71abe66cb11470a45af8a35362214e0b) Importer(815301076,1909f56bfc062723c751e8b465ee728b)  -> (artifact id: 'a974c76168370423e6eecc52d1491d81') in 0.242735 seconds
  Import took 0.252206 seconds .

========================================================================
Received Import Request.
  Time since last request: 22.294645 seconds.
  path: Assets/Code/Puntajee.cs
  artifactKey: Guid(9bae67b192ddcc24393072ac30bf5d74) Importer(815301076,1909f56bfc062723c751e8b465ee728b)
Start importing Assets/Code/Puntajee.cs using Guid(9bae67b192ddcc24393072ac30bf5d74) Importer(815301076,1909f56bfc062723c751e8b465ee728b)  -> (artifact id: '13db6b9c86761ef44a7226fd578a10da') in 0.006192 seconds
  Import took 0.011949 seconds .

========================================================================
Received Prepare
Registering precompiled user dll's ...
Registered in 0.011108 seconds.
Begin MonoManager ReloadAssembly
Native extension for WindowsStandalone target not found
Native extension for WebGL target not found
Refreshing native plugins compatible for Editor in 0.61 ms, found 3 plugins.
Preloading 0 native plugins for Editor in 0.00 ms.
Mono: successfully reloaded assembly
- Completed reload, in  1.921 seconds
Platform modules already initialized, skipping
Refreshing native plugins compatible for Editor in 0.79 ms, found 3 plugins.
Preloading 0 native plugins for Editor in 0.00 ms.
Unloading 2114 Unused Serialized files (Serialized files now loaded: 0)
System memory in use before: 97.9 MB.
System memory in use after: 97.9 MB.

Unloading 21 unused Assets to reduce memory usage. Loaded Objects now: 2598.
Total: 3.763200 ms (FindLiveObjects: 0.303100 ms CreateObjectMapping: 0.082400 ms MarkObjects: 3.193700 ms  DeleteObjects: 0.182100 ms)

========================================================================
Received Prepare
Registering precompiled user dll's ...
Registered in 0.010720 seconds.
Begin MonoManager ReloadAssembly
Native extension for WindowsStandalone target not found
Native extension for WebGL target not found
Refreshing native plugins compatible for Editor in 0.81 ms, found 3 plugins.
Preloading 0 native plugins for Editor in 0.00 ms.
Mono: successfully reloaded assembly
- Completed reload, in  1.723 seconds
Platform modules already initialized, skipping
Refreshing native plugins compatible for Editor in 0.64 ms, found 3 plugins.
Preloading 0 native plugins for Editor in 0.00 ms.
Unloading 2114 Unused Serialized files (Serialized files now loaded: 0)
System memory in use before: 97.9 MB.
System memory in use after: 97.9 MB.

Unloading 21 unused Assets to reduce memory usage. Loaded Objects now: 2602.
Total: 4.052700 ms (FindLiveObjects: 0.377100 ms CreateObjectMapping: 0.096600 ms MarkObjects: 3.400700 ms  DeleteObjects: 0.176000 ms)

========================================================================
Received Import Request.
  Time since last request: 217.464198 seconds.
  path: Assets/Code/AreaPuntaje.cs
  artifactKey: Guid(cdbdcf1fee0c9f8439280e9a87402aab) Importer(815301076,1909f56bfc062723c751e8b465ee728b)
Start importing Assets/Code/AreaPuntaje.cs using Guid(cdbdcf1fee0c9f8439280e9a87402aab) Importer(815301076,1909f56bfc062723c751e8b465ee728b)  -> (artifact id: 'c43702b5fdc7e06e28b02fb9f2e22cae') in 0.013013 seconds
  Import took 0.019945 seconds .

========================================================================
Received Prepare
Registering precompiled user dll's ...
Registered in 0.011562 seconds.
Begin MonoManager ReloadAssembly
Native extension for WindowsStandalone target not found
Native extension for WebGL target not found
Refreshing native plugins compatible for Editor in 1.16 ms, found 3 plugins.
Preloading 0 native plugins for Editor in 0.00 ms.
Mono: successfully reloaded assembly
- Completed reload, in  1.813 seconds
Platform modules already initialized, skipping
Refreshing native plugins compatible for Editor in 0.77 ms, found 3 plugins.
Preloading 0 native plugins for Editor in 0.00 ms.
Unloading 2115 Unused Serialized files (Serialized files now loaded: 0)
System memory in use before: 97.9 MB.
System memory in use after: 97.9 MB.

Unloading 21 unused Assets to reduce memory usage. Loaded Objects now: 2607.
Total: 3.305100 ms (FindLiveObjects: 0.266900 ms CreateObjectMapping: 0.064300 ms MarkObjects: 2.802200 ms  DeleteObjects: 0.170000 ms)

========================================================================
Received Prepare
Registering precompiled user dll's ...
Registered in 0.012244 seconds.
Begin MonoManager ReloadAssembly
Native extension for WindowsStandalone target not found
Native extension for WebGL target not found
Refreshing native plugins compatible for Editor in 1.75 ms, found 3 plugins.
Preloading 0 native plugins for Editor in 0.00 ms.
Mono: successfully reloaded assembly
- Completed reload, in  1.744 seconds
Platform modules already initialized, skipping
Refreshing native plugins compatible for Editor in 0.75 ms, found 3 plugins.
Preloading 0 native plugins for Editor in 0.00 ms.
Unloading 2115 Unused Serialized files (Serialized files now loaded: 0)
System memory in use before: 98.0 MB.
System memory in use after: 97.9 MB.

Unloading 21 unused Assets to reduce memory usage. Loaded Objects now: 2611.
Total: 3.827500 ms (FindLiveObjects: 0.292000 ms CreateObjectMapping: 0.063200 ms MarkObjects: 3.290700 ms  DeleteObjects: 0.179200 ms)

========================================================================
Received Import Request.
  Time since last request: 187.549467 seconds.
  path: Assets/Code/AreaPuntaje.cs
  artifactKey: Guid(cdbdcf1fee0c9f8439280e9a87402aab) Importer(815301076,1909f56bfc062723c751e8b465ee728b)
Start importing Assets/Code/AreaPuntaje.cs using Guid(cdbdcf1fee0c9f8439280e9a87402aab) Importer(815301076,1909f56bfc062723c751e8b465ee728b)  -> (artifact id: '4d96949cf447d05591167418e113986f') in 0.011498 seconds
  Import took 0.022619 seconds .

========================================================================
Received Import Request.
  Time since last request: 6.384811 seconds.
  path: Assets/Code/Puntajee.cs
  artifactKey: Guid(9bae67b192ddcc24393072ac30bf5d74) Importer(815301076,1909f56bfc062723c751e8b465ee728b)
Start importing Assets/Code/Puntajee.cs using Guid(9bae67b192ddcc24393072ac30bf5d74) Importer(815301076,1909f56bfc062723c751e8b465ee728b)  -> (artifact id: '7b0559a509b8ea87419ee8d870706b9a') in 0.005904 seconds
  Import took 0.017410 seconds .

========================================================================
Received Prepare
Registering precompiled user dll's ...
Registered in 0.012296 seconds.
Begin MonoManager ReloadAssembly
Native extension for WindowsStandalone target not found
Native extension for WebGL target not found
Refreshing native plugins compatible for Editor in 0.64 ms, found 3 plugins.
Preloading 0 native plugins for Editor in 0.00 ms.
Mono: successfully reloaded assembly
- Completed reload, in  1.671 seconds
Platform modules already initialized, skipping
Refreshing native plugins compatible for Editor in 0.58 ms, found 3 plugins.
Preloading 0 native plugins for Editor in 0.00 ms.
Unloading 2115 Unused Serialized files (Serialized files now loaded: 0)
System memory in use before: 98.0 MB.
System memory in use after: 97.9 MB.

Unloading 21 unused Assets to reduce memory usage. Loaded Objects now: 2615.
Total: 4.463200 ms (FindLiveObjects: 0.435300 ms CreateObjectMapping: 0.141700 ms MarkObjects: 3.708100 ms  DeleteObjects: 0.176100 ms)

========================================================================
Received Prepare
Registering precompiled user dll's ...
Registered in 0.011805 seconds.
Begin MonoManager ReloadAssembly
Native extension for WindowsStandalone target not found
Native extension for WebGL target not found
Refreshing native plugins compatible for Editor in 0.94 ms, found 3 plugins.
Preloading 0 native plugins for Editor in 0.00 ms.
Mono: successfully reloaded assembly
- Completed reload, in  1.670 seconds
Platform modules already initialized, skipping
Refreshing native plugins compatible for Editor in 1.39 ms, found 3 plugins.
Preloading 0 native plugins for Editor in 0.00 ms.
Unloading 2115 Unused Serialized files (Serialized files now loaded: 0)
System memory in use before: 98.0 MB.
System memory in use after: 98.0 MB.

Unloading 21 unused Assets to reduce memory usage. Loaded Objects now: 2619.
Total: 3.694800 ms (FindLiveObjects: 0.284400 ms CreateObjectMapping: 0.072000 ms MarkObjects: 3.164100 ms  DeleteObjects: 0.172600 ms)

========================================================================
Received Prepare
Registering precompiled user dll's ...
Registered in 0.010636 seconds.
Begin MonoManager ReloadAssembly
Native extension for WindowsStandalone target not found
Native extension for WebGL target not found
Refreshing native plugins compatible for Editor in 0.61 ms, found 3 plugins.
Preloading 0 native plugins for Editor in 0.00 ms.
Mono: successfully reloaded assembly
- Completed reload, in  1.748 seconds
Platform modules already initialized, skipping
Refreshing native plugins compatible for Editor in 1.15 ms, found 3 plugins.
Preloading 0 native plugins for Editor in 0.00 ms.
Unloading 2115 Unused Serialized files (Serialized files now loaded: 0)
System memory in use before: 98.0 MB.
System memory in use after: 98.0 MB.

Unloading 21 unused Assets to reduce memory usage. Loaded Objects now: 2623.
Total: 5.253700 ms (FindLiveObjects: 0.330000 ms CreateObjectMapping: 0.073700 ms MarkObjects: 4.618100 ms  DeleteObjects: 0.229300 ms)

========================================================================
Received Prepare
Registering precompiled user dll's ...
Registered in 0.013202 seconds.
Begin MonoManager ReloadAssembly
Native extension for WindowsStandalone target not found
Native extension for WebGL target not found
Refreshing native plugins compatible for Editor in 0.70 ms, found 3 plugins.
Preloading 0 native plugins for Editor in 0.00 ms.
Mono: successfully reloaded assembly
- Completed reload, in  1.788 seconds
Platform modules already initialized, skipping
Refreshing native plugins compatible for Editor in 0.63 ms, found 3 plugins.
Preloading 0 native plugins for Editor in 0.00 ms.
Unloading 2115 Unused Serialized files (Serialized files now loaded: 0)
System memory in use before: 98.0 MB.
System memory in use after: 98.0 MB.

Unloading 21 unused Assets to reduce memory usage. Loaded Objects now: 2627.
Total: 3.781600 ms (FindLiveObjects: 0.338700 ms CreateObjectMapping: 0.102400 ms MarkObjects: 3.152300 ms  DeleteObjects: 0.186100 ms)

========================================================================
Received Prepare
Registering precompiled user dll's ...
Registered in 0.010207 seconds.
Begin MonoManager ReloadAssembly
Native extension for WindowsStandalone target not found
Native extension for WebGL target not found
Refreshing native plugins compatible for Editor in 0.59 ms, found 3 plugins.
Preloading 0 native plugins for Editor in 0.00 ms.
Mono: successfully reloaded assembly
- Completed reload, in  1.625 seconds
Platform modules already initialized, skipping
Refreshing native plugins compatible for Editor in 0.60 ms, found 3 plugins.
Preloading 0 native plugins for Editor in 0.00 ms.
Unloading 2115 Unused Serialized files (Serialized files now loaded: 0)
System memory in use before: 98.0 MB.
System memory in use after: 98.0 MB.

Unloading 21 unused Assets to reduce memory usage. Loaded Objects now: 2631.
Total: 3.153600 ms (FindLiveObjects: 0.364800 ms CreateObjectMapping: 0.091900 ms MarkObjects: 2.519100 ms  DeleteObjects: 0.175800 ms)

========================================================================
Received Import Request.
  Time since last request: 1528.346204 seconds.
  path: Assets/Code/NewBehaviourScript.cs
  artifactKey: Guid(22b8f118d20cebe4890cceaa9ba138ea) Importer(815301076,1909f56bfc062723c751e8b465ee728b)
Start importing Assets/Code/NewBehaviourScript.cs using Guid(22b8f118d20cebe4890cceaa9ba138ea) Importer(815301076,1909f56bfc062723c751e8b465ee728b)  -> (artifact id: '930ca23eff659af571ebdd5f11f513ad') in 0.015053 seconds
  Import took 0.022421 seconds .

========================================================================
Received Prepare
Registering precompiled user dll's ...
Registered in 0.011891 seconds.
Begin MonoManager ReloadAssembly
Native extension for WindowsStandalone target not found
Native extension for WebGL target not found
Refreshing native plugins compatible for Editor in 0.73 ms, found 3 plugins.
Preloading 0 native plugins for Editor in 0.00 ms.
Mono: successfully reloaded assembly
- Completed reload, in  1.717 seconds
Platform modules already initialized, skipping
Refreshing native plugins compatible for Editor in 0.72 ms, found 3 plugins.
Preloading 0 native plugins for Editor in 0.00 ms.
Unloading 2116 Unused Serialized files (Serialized files now loaded: 0)
System memory in use before: 98.0 MB.
System memory in use after: 98.0 MB.

Unloading 21 unused Assets to reduce memory usage. Loaded Objects now: 2636.
Total: 3.951600 ms (FindLiveObjects: 0.339600 ms CreateObjectMapping: 0.075600 ms MarkObjects: 3.320000 ms  DeleteObjects: 0.213100 ms)

========================================================================
Received Prepare
Registering precompiled user dll's ...
Registered in 0.009379 seconds.
Begin MonoManager ReloadAssembly
Native extension for WindowsStandalone target not found
Native extension for WebGL target not found
Refreshing native plugins compatible for Editor in 0.60 ms, found 3 plugins.
Preloading 0 native plugins for Editor in 0.00 ms.
Mono: successfully reloaded assembly
- Completed reload, in  1.600 seconds
Platform modules already initialized, skipping
Refreshing native plugins compatible for Editor in 0.69 ms, found 3 plugins.
Preloading 0 native plugins for Editor in 0.00 ms.
Unloading 2115 Unused Serialized files (Serialized files now loaded: 0)
System memory in use before: 98.0 MB.
System memory in use after: 98.0 MB.

Unloading 22 unused Assets to reduce memory usage. Loaded Objects now: 2639.
Total: 3.044400 ms (FindLiveObjects: 0.291400 ms CreateObjectMapping: 0.086300 ms MarkObjects: 2.503100 ms  DeleteObjects: 0.161900 ms)

========================================================================
Received Prepare
Registering precompiled user dll's ...
Registered in 0.009459 seconds.
Begin MonoManager ReloadAssembly
Native extension for WindowsStandalone target not found
Native extension for WebGL target not found
Refreshing native plugins compatible for Editor in 0.68 ms, found 3 plugins.
Preloading 0 native plugins for Editor in 0.00 ms.
Mono: successfully reloaded assembly
- Completed reload, in  1.600 seconds
Platform modules already initialized, skipping
Refreshing native plugins compatible for Editor in 0.80 ms, found 3 plugins.
Preloading 0 native plugins for Editor in 0.00 ms.
Unloading 2115 Unused Serialized files (Serialized files now loaded: 0)
System memory in use before: 98.0 MB.
System memory in use after: 98.0 MB.

Unloading 21 unused Assets to reduce memory usage. Loaded Objects now: 2643.
Total: 3.091400 ms (FindLiveObjects: 0.272700 ms CreateObjectMapping: 0.060600 ms MarkObjects: 2.575200 ms  DeleteObjects: 0.181100 ms)

AssetImportWorkerClient::OnTransportError - code=2 error=End of file
